<?xml version="1.0" encoding="UTF-8"?>
<!-- Generated by org.testng.reporters.JUnitXMLReporter -->
<testsuite hostname="DESKTOP-3S3P68U" ignored="0" name="Uber Feature Testing - Home Page" tests="2" failures="0" timestamp="22 Nov 2020 11:52:32 GMT" time="13.863" errors="0">
  <testcase name="verifyHomePageTitleTest" time="0.561" classname="com.qa.uber.tests.HomePageTest"/>
  <testcase name="verifyLocationValueTest" time="1.045" classname="com.qa.uber.tests.HomePageTest"/>
</testsuite> <!-- Uber Feature Testing - Home Page -->
